app/build/intermediates/manifest_merge_blame_file/debug/manifest-merger-blame-debug-report.txt
1<?xml version="1.0" encoding="utf-8"?>
2<manifest xmlns:android="http://schemas.android.com/apk/res/android"
3    package="com.domain.app" >
4
5    <uses-sdk
6        android:minSdkVersion="26"
6-->src/main/AndroidManifest.xml
7        android:targetSdkVersion="33" />
7-->src/main/AndroidManifest.xml
8
9    <uses-permission android:name="android.permission.INTERNET" />
9-->[xyz.metakeep.sdk:lib-android-debug:2.0.3] AndroidManifest.xml:8:5-67
9-->[xyz.metakeep.sdk:lib-android-debug:2.0.3] AndroidManifest.xml:8:22-64
10
11    <queries>
11-->[xyz.metakeep.sdk:lib-android-debug:2.0.3] AndroidManifest.xml:10:5-18:15
12        <intent>
12-->[xyz.metakeep.sdk:lib-android-debug:2.0.3] AndroidManifest.xml:11:9-17:18
13            <action android:name="android.intent.action.VIEW" />
13-->[xyz.metakeep.sdk:lib-android-debug:2.0.3] AndroidManifest.xml:12:13-65
13-->[xyz.metakeep.sdk:lib-android-debug:2.0.3] AndroidManifest.xml:12:21-62
14
15            <category android:name="android.intent.category.BROWSABLE" />
15-->[xyz.metakeep.sdk:lib-android-debug:2.0.3] AndroidManifest.xml:14:13-74
15-->[xyz.metakeep.sdk:lib-android-debug:2.0.3] AndroidManifest.xml:14:23-71
16
17            <data android:scheme="https" />
17-->[xyz.metakeep.sdk:lib-android-debug:2.0.3] AndroidManifest.xml:16:13-44
17-->[xyz.metakeep.sdk:lib-android-debug:2.0.3] AndroidManifest.xml:16:19-41
18        </intent>
19    </queries>
20
21    <permission
21-->[androidx.core:core:1.9.0] AndroidManifest.xml:22:5-24:47
22        android:name="com.domain.app.DYNAMIC_RECEIVER_NOT_EXPORTED_PERMISSION"
22-->[androidx.core:core:1.9.0] AndroidManifest.xml:23:9-81
23        android:protectionLevel="signature" />
23-->[androidx.core:core:1.9.0] AndroidManifest.xml:24:9-44
24
25    <uses-permission android:name="com.domain.app.DYNAMIC_RECEIVER_NOT_EXPORTED_PERMISSION" />
25-->[androidx.core:core:1.9.0] AndroidManifest.xml:26:5-97
25-->[androidx.core:core:1.9.0] AndroidManifest.xml:26:22-94
26
27    <application
27-->src/main/AndroidManifest.xml:3:2-15:16
28        android:allowBackup="true"
28-->src/main/AndroidManifest.xml:5:3-29
29        android:appComponentFactory="androidx.core.app.CoreComponentFactory"
29-->[androidx.core:core:1.9.0] AndroidManifest.xml:28:18-86
30        android:debuggable="true"
31        android:extractNativeLibs="false"
32        android:label="sign-txn"
32-->src/main/AndroidManifest.xml:4:3-27
33        android:theme="@style/Theme.AppCompat.Light.DarkActionBar" >
33-->src/main/AndroidManifest.xml:6:3-61
34        <activity
34-->src/main/AndroidManifest.xml:7:3-14:14
35            android:name="com.domain.app.MainActivity"
35-->src/main/AndroidManifest.xml:8:4-32
36            android:exported="true" >
36-->src/main/AndroidManifest.xml:9:4-27
37            <intent-filter>
37-->src/main/AndroidManifest.xml:10:4-13:20
38                <action android:name="android.intent.action.MAIN" />
38-->src/main/AndroidManifest.xml:11:5-57
38-->src/main/AndroidManifest.xml:11:13-54
39
40                <category android:name="android.intent.category.LAUNCHER" />
40-->src/main/AndroidManifest.xml:12:5-65
40-->src/main/AndroidManifest.xml:12:15-62
41            </intent-filter>
42        </activity>
43
44        <provider
44-->[androidx.emoji2:emoji2:1.2.0] AndroidManifest.xml:24:9-32:20
45            android:name="androidx.startup.InitializationProvider"
45-->[androidx.emoji2:emoji2:1.2.0] AndroidManifest.xml:25:13-67
46            android:authorities="com.domain.app.androidx-startup"
46-->[androidx.emoji2:emoji2:1.2.0] AndroidManifest.xml:26:13-68
47            android:exported="false" >
47-->[androidx.emoji2:emoji2:1.2.0] AndroidManifest.xml:27:13-37
48            <meta-data
48-->[androidx.emoji2:emoji2:1.2.0] AndroidManifest.xml:29:13-31:52
49                android:name="androidx.emoji2.text.EmojiCompatInitializer"
49-->[androidx.emoji2:emoji2:1.2.0] AndroidManifest.xml:30:17-75
50                android:value="androidx.startup" />
50-->[androidx.emoji2:emoji2:1.2.0] AndroidManifest.xml:31:17-49
51            <meta-data
51-->[androidx.lifecycle:lifecycle-process:2.6.1] AndroidManifest.xml:29:13-31:52
52                android:name="androidx.lifecycle.ProcessLifecycleInitializer"
52-->[androidx.lifecycle:lifecycle-process:2.6.1] AndroidManifest.xml:30:17-78
53                android:value="androidx.startup" />
53-->[androidx.lifecycle:lifecycle-process:2.6.1] AndroidManifest.xml:31:17-49
54            <meta-data
54-->[androidx.profileinstaller:profileinstaller:1.3.0] AndroidManifest.xml:29:13-31:52
55                android:name="androidx.profileinstaller.ProfileInstallerInitializer"
55-->[androidx.profileinstaller:profileinstaller:1.3.0] AndroidManifest.xml:30:17-85
56                android:value="androidx.startup" />
56-->[androidx.profileinstaller:profileinstaller:1.3.0] AndroidManifest.xml:31:17-49
57        </provider>
58
59        <activity
59-->[xyz.metakeep.sdk:lib-android-debug:2.0.3] AndroidManifest.xml:21:9-26:75
60            android:name="xyz.metakeep.sdk.AuthActivity"
60-->[xyz.metakeep.sdk:lib-android-debug:2.0.3] AndroidManifest.xml:22:13-57
61            android:configChanges="screenSize|smallestScreenSize|screenLayout|orientation|keyboard|keyboardHidden"
61-->[xyz.metakeep.sdk:lib-android-debug:2.0.3] AndroidManifest.xml:23:13-115
62            android:exported="false"
62-->[xyz.metakeep.sdk:lib-android-debug:2.0.3] AndroidManifest.xml:24:13-37
63            android:launchMode="singleTask"
63-->[xyz.metakeep.sdk:lib-android-debug:2.0.3] AndroidManifest.xml:25:13-44
64            android:theme="@android:style/Theme.Translucent.NoTitleBar" />
64-->[xyz.metakeep.sdk:lib-android-debug:2.0.3] AndroidManifest.xml:26:13-72
65        <activity
65-->[xyz.metakeep.sdk:lib-android-debug:2.0.3] AndroidManifest.xml:27:9-43:20
66            android:name="xyz.metakeep.sdk.RedirectActivity"
66-->[xyz.metakeep.sdk:lib-android-debug:2.0.3] AndroidManifest.xml:28:13-61
67            android:exported="true" >
67-->[xyz.metakeep.sdk:lib-android-debug:2.0.3] AndroidManifest.xml:29:13-36
68            <intent-filter android:autoVerify="true" >
68-->[xyz.metakeep.sdk:lib-android-debug:2.0.3] AndroidManifest.xml:30:13-42:29
68-->[xyz.metakeep.sdk:lib-android-debug:2.0.3] AndroidManifest.xml:31:17-42
69                <action android:name="android.intent.action.VIEW" />
69-->[xyz.metakeep.sdk:lib-android-debug:2.0.3] AndroidManifest.xml:12:13-65
69-->[xyz.metakeep.sdk:lib-android-debug:2.0.3] AndroidManifest.xml:12:21-62
70
71                <category android:name="android.intent.category.DEFAULT" />
71-->[xyz.metakeep.sdk:lib-android-debug:2.0.3] AndroidManifest.xml:35:17-76
71-->[xyz.metakeep.sdk:lib-android-debug:2.0.3] AndroidManifest.xml:35:27-73
72                <category android:name="android.intent.category.BROWSABLE" />
72-->[xyz.metakeep.sdk:lib-android-debug:2.0.3] AndroidManifest.xml:14:13-74
72-->[xyz.metakeep.sdk:lib-android-debug:2.0.3] AndroidManifest.xml:14:23-71
73
74                <data
74-->[xyz.metakeep.sdk:lib-android-debug:2.0.3] AndroidManifest.xml:16:13-44
75                    android:host="a071e2fe-54b8-41f2-8082-137e2073085e.auth.metakeep.xyz"
76                    android:pathPrefix="/android"
77                    android:scheme="com.domain.app" />
77-->[xyz.metakeep.sdk:lib-android-debug:2.0.3] AndroidManifest.xml:16:19-41
78            </intent-filter>
79        </activity>
80
81        <receiver
81-->[androidx.profileinstaller:profileinstaller:1.3.0] AndroidManifest.xml:34:9-52:20
82            android:name="androidx.profileinstaller.ProfileInstallReceiver"
82-->[androidx.profileinstaller:profileinstaller:1.3.0] AndroidManifest.xml:35:13-76
83            android:directBootAware="false"
83-->[androidx.profileinstaller:profileinstaller:1.3.0] AndroidManifest.xml:36:13-44
84            android:enabled="true"
84-->[androidx.profileinstaller:profileinstaller:1.3.0] AndroidManifest.xml:37:13-35
85            android:exported="true"
85-->[androidx.profileinstaller:profileinstaller:1.3.0] AndroidManifest.xml:38:13-36
86            android:permission="android.permission.DUMP" >
86-->[androidx.profileinstaller:profileinstaller:1.3.0] AndroidManifest.xml:39:13-57
87            <intent-filter>
87-->[androidx.profileinstaller:profileinstaller:1.3.0] AndroidManifest.xml:40:13-42:29
88                <action android:name="androidx.profileinstaller.action.INSTALL_PROFILE" />
88-->[androidx.profileinstaller:profileinstaller:1.3.0] AndroidManifest.xml:41:17-91
88-->[androidx.profileinstaller:profileinstaller:1.3.0] AndroidManifest.xml:41:25-88
89            </intent-filter>
90            <intent-filter>
90-->[androidx.profileinstaller:profileinstaller:1.3.0] AndroidManifest.xml:43:13-45:29
91                <action android:name="androidx.profileinstaller.action.SKIP_FILE" />
91-->[androidx.profileinstaller:profileinstaller:1.3.0] AndroidManifest.xml:44:17-85
91-->[androidx.profileinstaller:profileinstaller:1.3.0] AndroidManifest.xml:44:25-82
92            </intent-filter>
93            <intent-filter>
93-->[androidx.profileinstaller:profileinstaller:1.3.0] AndroidManifest.xml:46:13-48:29
94                <action android:name="androidx.profileinstaller.action.SAVE_PROFILE" />
94-->[androidx.profileinstaller:profileinstaller:1.3.0] AndroidManifest.xml:47:17-88
94-->[androidx.profileinstaller:profileinstaller:1.3.0] AndroidManifest.xml:47:25-85
95            </intent-filter>
96            <intent-filter>
96-->[androidx.profileinstaller:profileinstaller:1.3.0] AndroidManifest.xml:49:13-51:29
97                <action android:name="androidx.profileinstaller.action.BENCHMARK_OPERATION" />
97-->[androidx.profileinstaller:profileinstaller:1.3.0] AndroidManifest.xml:50:17-95
97-->[androidx.profileinstaller:profileinstaller:1.3.0] AndroidManifest.xml:50:25-92
98            </intent-filter>
99        </receiver>
100    </application>
101
102</manifest>